<?xml version="1.0" encoding="UTF-8"?>
<!-- Generated by org.testng.reporters.JUnitReportReporter -->
<testsuite skipped="0" hostname="DESKTOP-7IBUCVN" name="basics.Screenshot" tests="1" failures="0" timestamp="09 May 2018 20:16:55 GMT" time="7.413" errors="0">
  <testcase name="f" time="7.413" classname="basics.Screenshot"/>
</testsuite> <!-- basics.Screenshot -->
